#! /usr/bin/vvp
:ivl_version "10.3 (stable)";
:ivl_delay_selection "TYPICAL";
:vpi_time_precision - 12;
:vpi_module "system";
:vpi_module "vhdl_sys";
:vpi_module "v2005_math";
:vpi_module "va_math";
S_0x5570ed4b6700 .scope module, "iiitb_gray_cntr_tb" "iiitb_gray_cntr_tb" 2 2;
 .timescale -9 -12;
v0x5570ed4c8c50_0 .net "bcd_value", 3 0, v0x5570ed47f0c0_0;  1 drivers
v0x5570ed4c8d30_0 .var "clk", 0 0;
v0x5570ed4c8e00_0 .net "gray_count", 3 0, v0x5570ed4c89f0_0;  1 drivers
v0x5570ed4c8f00_0 .var "rst", 0 0;
S_0x5570ed4b6880 .scope module, "gc" "iiitb_gray_cntr" 2 10, 3 2 0, S_0x5570ed4b6700;
 .timescale 0 0;
    .port_info 0 /INPUT 1 "clk"
    .port_info 1 /INPUT 1 "rst"
    .port_info 2 /OUTPUT 4 "bcd_value"
    .port_info 3 /OUTPUT 4 "gray_count"
v0x5570ed47f0c0_0 .var "bcd_value", 3 0;
v0x5570ed4c8930_0 .net "clk", 0 0, v0x5570ed4c8d30_0;  1 drivers
v0x5570ed4c89f0_0 .var "gray_count", 3 0;
v0x5570ed4c8ae0_0 .net "rst", 0 0, v0x5570ed4c8f00_0;  1 drivers
E_0x5570ed4b4630 .event posedge, v0x5570ed4c8930_0;
    .scope S_0x5570ed4b6880;
T_0 ;
    %wait E_0x5570ed4b4630;
    %load/vec4 v0x5570ed4c8ae0_0;
    %flag_set/vec4 8;
    %jmp/0xz  T_0.0, 8;
    %pushi/vec4 0, 0, 4;
    %store/vec4 v0x5570ed47f0c0_0, 0, 4;
    %pushi/vec4 0, 0, 4;
    %store/vec4 v0x5570ed4c89f0_0, 0, 4;
    %jmp T_0.1;
T_0.0 ;
    %load/vec4 v0x5570ed47f0c0_0;
    %addi 1, 0, 4;
    %store/vec4 v0x5570ed47f0c0_0, 0, 4;
    %load/vec4 v0x5570ed47f0c0_0;
    %parti/s 1, 3, 3;
    %load/vec4 v0x5570ed47f0c0_0;
    %parti/s 1, 3, 3;
    %load/vec4 v0x5570ed47f0c0_0;
    %parti/s 1, 2, 3;
    %xor;
    %concat/vec4; draw_concat_vec4
    %load/vec4 v0x5570ed47f0c0_0;
    %parti/s 1, 2, 3;
    %load/vec4 v0x5570ed47f0c0_0;
    %parti/s 1, 1, 2;
    %xor;
    %concat/vec4; draw_concat_vec4
    %load/vec4 v0x5570ed47f0c0_0;
    %parti/s 1, 1, 2;
    %load/vec4 v0x5570ed47f0c0_0;
    %parti/s 1, 0, 2;
    %xor;
    %concat/vec4; draw_concat_vec4
    %store/vec4 v0x5570ed4c89f0_0, 0, 4;
T_0.1 ;
    %jmp T_0;
    .thread T_0;
    .scope S_0x5570ed4b6700;
T_1 ;
    %vpi_call 2 14 "$dumpfile", "iiitb_gray_cntr_vcd.vcd" {0 0 0};
    %vpi_call 2 15 "$dumpvars", 32'sb00000000000000000000000000000000, S_0x5570ed4b6700 {0 0 0};
    %pushi/vec4 0, 0, 1;
    %store/vec4 v0x5570ed4c8d30_0, 0, 1;
    %pushi/vec4 0, 0, 1;
    %store/vec4 v0x5570ed4c8f00_0, 0, 1;
    %delay 50000, 0;
    %pushi/vec4 1, 0, 1;
    %store/vec4 v0x5570ed4c8f00_0, 0, 1;
    %delay 100000, 0;
    %pushi/vec4 0, 0, 1;
    %store/vec4 v0x5570ed4c8f00_0, 0, 1;
    %delay 150000, 0;
    %pushi/vec4 1, 0, 1;
    %store/vec4 v0x5570ed4c8f00_0, 0, 1;
    %delay 300000, 0;
    %vpi_call 2 24 "$finish" {0 0 0};
    %end;
    .thread T_1;
    .scope S_0x5570ed4b6700;
T_2 ;
    %delay 10000, 0;
    %load/vec4 v0x5570ed4c8d30_0;
    %inv;
    %store/vec4 v0x5570ed4c8d30_0, 0, 1;
    %jmp T_2;
    .thread T_2;
# The file index is used to find the file name in the following table.
:file_names 4;
    "N/A";
    "<interactive>";
    "iiitb_gray_cntr_tb.v";
    "iiitb_gray_cntr.v";
