
24. Printing statistics.

=== iiitb_gray_cntr ===

   Number of wires:                 21
   Number of wire bits:             27
   Number of public wires:           4
   Number of public wire bits:      10
   Number of memories:               0
   Number of memory bits:            0
   Number of processes:              0
   Number of cells:                 25
     sky130_fd_sc_hd__a21boi_2       1
     sky130_fd_sc_hd__a21o_2         1
     sky130_fd_sc_hd__a21oi_2        2
     sky130_fd_sc_hd__and2_2         1
     sky130_fd_sc_hd__and3_2         1
     sky130_fd_sc_hd__and3b_2        1
     sky130_fd_sc_hd__buf_1          2
     sky130_fd_sc_hd__buf_2          1
     sky130_fd_sc_hd__dfxtp_2        7
     sky130_fd_sc_hd__nor2_2         3
     sky130_fd_sc_hd__o21a_2         2
     sky130_fd_sc_hd__o21ai_2        1
     sky130_fd_sc_hd__o21ba_2        1
     sky130_fd_sc_hd__or3_2          1

   Chip area for module '\iiitb_gray_cntr': 286.524800

