Mon Dec 12 09:32:32 UTC 2022 - Executing "openroad -exit -no_init -python /openlane/scripts/odbpy/lefutil.py get_metal_layers -o /openlane/designs/iiitb_gray_cntr/runs/RUN_2022.12.12_09.32.31/tmp/layers.list /home/anvith/OpenLane/pdks/sky130A/libs.ref/sky130_fd_sc_hd/techlef/sky130_fd_sc_hd__nom.tlef"

Mon Dec 12 09:32:32 UTC 2022 - Executing "/openlane/scripts/mergeLef.py -o /openlane/designs/iiitb_gray_cntr/runs/RUN_2022.12.12_09.32.31/tmp/merged.nom.lef -i /home/anvith/OpenLane/pdks/sky130A/libs.ref/sky130_fd_sc_hd/techlef/sky130_fd_sc_hd__nom.tlef {/home/anvith/OpenLane/pdks/sky130A/libs.ref/sky130_fd_sc_hd/lef/sky130_fd_sc_hd.lef /home/anvith/OpenLane/pdks/sky130A/libs.ref/sky130_fd_sc_hd/lef/sky130_ef_sc_hd.lef} |& tee /dev/null"

Mon Dec 12 09:32:32 UTC 2022 - Executing "/openlane/scripts/mergeLef.py -o /openlane/designs/iiitb_gray_cntr/runs/RUN_2022.12.12_09.32.31/tmp/merged.min.lef -i /home/anvith/OpenLane/pdks/sky130A/libs.ref/sky130_fd_sc_hd/techlef/sky130_fd_sc_hd__min.tlef {/home/anvith/OpenLane/pdks/sky130A/libs.ref/sky130_fd_sc_hd/lef/sky130_fd_sc_hd.lef /home/anvith/OpenLane/pdks/sky130A/libs.ref/sky130_fd_sc_hd/lef/sky130_ef_sc_hd.lef} |& tee /dev/null"

Mon Dec 12 09:32:32 UTC 2022 - Executing "/openlane/scripts/mergeLef.py -o /openlane/designs/iiitb_gray_cntr/runs/RUN_2022.12.12_09.32.31/tmp/merged.max.lef -i /home/anvith/OpenLane/pdks/sky130A/libs.ref/sky130_fd_sc_hd/techlef/sky130_fd_sc_hd__max.tlef {/home/anvith/OpenLane/pdks/sky130A/libs.ref/sky130_fd_sc_hd/lef/sky130_fd_sc_hd.lef /home/anvith/OpenLane/pdks/sky130A/libs.ref/sky130_fd_sc_hd/lef/sky130_ef_sc_hd.lef} |& tee /dev/null"

Mon Dec 12 09:32:33 UTC 2022 - Executing "python3 /openlane/scripts/mergeLib.py --output /openlane/designs/iiitb_gray_cntr/runs/RUN_2022.12.12_09.32.31/tmp/synthesis/merged.lib --name sky130A_merged /openlane/designs/iiitb_gray_cntr/src/sky130_fd_sc_hd__typical.lib"

Mon Dec 12 09:32:34 UTC 2022 - Executing "python3 /openlane/scripts/libtrim.py --cell-file /openlane/designs/iiitb_gray_cntr/runs/RUN_2022.12.12_09.32.31/tmp/synthesis/trimmed.lib.exclude.list --output /openlane/designs/iiitb_gray_cntr/runs/RUN_2022.12.12_09.32.31/tmp/synthesis/trimmed.lib /openlane/designs/iiitb_gray_cntr/runs/RUN_2022.12.12_09.32.31/tmp/synthesis/merged.lib"

Mon Dec 12 09:32:35 UTC 2022 - Executing "python3 /openlane/scripts/libtrim.py --cell-file /openlane/designs/iiitb_gray_cntr/runs/RUN_2022.12.12_09.32.31/tmp/cts/cts.lib.exclude.list --output /openlane/designs/iiitb_gray_cntr/runs/RUN_2022.12.12_09.32.31/tmp/cts/cts.lib /openlane/designs/iiitb_gray_cntr/src/sky130_fd_sc_hd__typical.lib"

Mon Dec 12 09:32:36 UTC 2022 - Executing "python3 /openlane/scripts/new_tracks.py -i /home/anvith/OpenLane/pdks/sky130A/libs.tech/openlane/sky130_fd_sc_hd/tracks.info -o /openlane/designs/iiitb_gray_cntr/runs/RUN_2022.12.12_09.32.31/tmp/routing/config.tracks"

Mon Dec 12 09:32:36 UTC 2022 - Executing "echo {OpenLane 772a2244264b6c3c4fdc6f642235391167d5026c} > /openlane/designs/iiitb_gray_cntr/runs/RUN_2022.12.12_09.32.31/OPENLANE_VERSION"

Mon Dec 12 09:32:36 UTC 2022 - Executing "sed -E {s/^([[:space:]]+)pg_pin(.*)/\1pin\2\n\1    direction : "inout";/g} /openlane/designs/iiitb_gray_cntr/src/sky130_fd_sc_hd__typical.lib > /openlane/designs/iiitb_gray_cntr/runs/RUN_2022.12.12_09.32.31/tmp/synthesis/1-sky130_fd_sc_hd__typical.no_pg.lib"

Mon Dec 12 09:32:37 UTC 2022 - Executing "sed -E {s/^([[:space:]]+)pg_pin(.*)/\1pin\2\n\1    direction : "inout";/g} /openlane/designs/iiitb_gray_cntr/runs/RUN_2022.12.12_09.32.31/tmp/synthesis/trimmed.lib > /openlane/designs/iiitb_gray_cntr/runs/RUN_2022.12.12_09.32.31/tmp/synthesis/1-trimmed.no_pg.lib"

Mon Dec 12 09:32:37 UTC 2022 - Executing "yosys -c /openlane/scripts/yosys/synth.tcl |& tee /dev/null /openlane/designs/iiitb_gray_cntr/runs/RUN_2022.12.12_09.32.31/logs/synthesis/1-synthesis.log"

Mon Dec 12 09:32:38 UTC 2022 - Executing "sed -i -e {s/\(set ::env(CURRENT_NETLIST)\).*/\1 \/openlane\/designs\/iiitb_gray_cntr\/runs\/RUN_2022.12.12_09.32.31\/results\/synthesis\/iiitb_gray_cntr.v/} /openlane/designs/iiitb_gray_cntr/runs/RUN_2022.12.12_09.32.31/config.tcl"

Mon Dec 12 09:32:38 UTC 2022 - Executing "sed -i /defparam/d /openlane/designs/iiitb_gray_cntr/runs/RUN_2022.12.12_09.32.31/results/synthesis/iiitb_gray_cntr.v"

Mon Dec 12 09:32:39 UTC 2022 - Executing "openroad -exit /openlane/scripts/openroad/sta.tcl |& tee /dev/null /openlane/designs/iiitb_gray_cntr/runs/RUN_2022.12.12_09.32.31/logs/synthesis/2-sta.log"

Mon Dec 12 09:32:40 UTC 2022 - Executing "openroad -exit /openlane/scripts/openroad/floorplan.tcl |& tee /dev/null /openlane/designs/iiitb_gray_cntr/runs/RUN_2022.12.12_09.32.31/logs/floorplan/3-initial_fp.log"

Mon Dec 12 09:32:41 UTC 2022 - Executing "openroad -exit -no_init -python /openlane/scripts/odbpy/snap_to_grid.py --output /openlane/designs/iiitb_gray_cntr/runs/RUN_2022.12.12_09.32.31/tmp/floorplan/3-minimized_pdn.txt --input-lef /openlane/designs/iiitb_gray_cntr/runs/RUN_2022.12.12_09.32.31/tmp/merged.nom.lef 4.715 4.42 9.43 8.84"

Mon Dec 12 09:32:42 UTC 2022 - Executing "openroad -exit -no_init -python /openlane/scripts/odbpy/defutil.py extract_core_dims --output-data /openlane/designs/iiitb_gray_cntr/runs/RUN_2022.12.12_09.32.31/tmp/dimensions.txt --input-lef /openlane/designs/iiitb_gray_cntr/runs/RUN_2022.12.12_09.32.31/tmp/merged.nom.lef /openlane/designs/iiitb_gray_cntr/runs/RUN_2022.12.12_09.32.31/tmp/floorplan/3-initial_fp.def"

Mon Dec 12 09:32:43 UTC 2022 - Executing "openroad -exit /openlane/scripts/openroad/ioplacer.tcl |& tee /dev/null /openlane/designs/iiitb_gray_cntr/runs/RUN_2022.12.12_09.32.31/logs/floorplan/4-io.log"

Mon Dec 12 09:32:44 UTC 2022 - Executing "openroad -exit /openlane/scripts/openroad/tapcell.tcl |& tee /dev/null /openlane/designs/iiitb_gray_cntr/runs/RUN_2022.12.12_09.32.31/logs/floorplan/5-tap.log"

Mon Dec 12 09:32:45 UTC 2022 - Executing "openroad -exit /openlane/scripts/openroad/pdn.tcl |& tee /dev/null /openlane/designs/iiitb_gray_cntr/runs/RUN_2022.12.12_09.32.31/logs/floorplan/6-pdn.log"

Mon Dec 12 09:32:46 UTC 2022 - Executing "openroad -exit /openlane/scripts/openroad/gpl.tcl |& tee /dev/null /openlane/designs/iiitb_gray_cntr/runs/RUN_2022.12.12_09.32.31/logs/placement/7-global.log"

Mon Dec 12 09:32:47 UTC 2022 - Executing "openroad -exit /openlane/scripts/openroad/resizer.tcl |& tee /dev/null /openlane/designs/iiitb_gray_cntr/runs/RUN_2022.12.12_09.32.31/logs/placement/8-resizer.log"

Mon Dec 12 09:32:48 UTC 2022 - Executing "sed -i -e {s/\(set ::env(CURRENT_NETLIST)\).*/\1 \/openlane\/designs\/iiitb_gray_cntr\/runs\/RUN_2022.12.12_09.32.31\/tmp\/placement\/8-resizer.nl.v/} /openlane/designs/iiitb_gray_cntr/runs/RUN_2022.12.12_09.32.31/config.tcl"

Mon Dec 12 09:32:48 UTC 2022 - Executing "openroad -exit /openlane/scripts/openroad/dpl.tcl |& tee /dev/null /openlane/designs/iiitb_gray_cntr/runs/RUN_2022.12.12_09.32.31/logs/placement/9-detailed.log"

Mon Dec 12 09:32:49 UTC 2022 - Executing "sed -i -e {s/\(set ::env(CURRENT_NETLIST)\).*/\1 \/openlane\/designs\/iiitb_gray_cntr\/runs\/RUN_2022.12.12_09.32.31\/results\/placement\/iiitb_gray_cntr.nl.v/} /openlane/designs/iiitb_gray_cntr/runs/RUN_2022.12.12_09.32.31/config.tcl"

Mon Dec 12 09:32:49 UTC 2022 - Executing "openroad -exit /openlane/scripts/openroad/cts.tcl |& tee /dev/null /openlane/designs/iiitb_gray_cntr/runs/RUN_2022.12.12_09.32.31/logs/cts/10-cts.log"

Mon Dec 12 09:34:08 UTC 2022 - Executing "openroad -exit /openlane/scripts/openroad/resizer_timing.tcl |& tee /dev/null /openlane/designs/iiitb_gray_cntr/runs/RUN_2022.12.12_09.32.31/logs/cts/11-resizer.log"

Mon Dec 12 09:34:09 UTC 2022 - Executing "sed -i -e {s/\(set ::env(CURRENT_NETLIST)\).*/\1 \/openlane\/designs\/iiitb_gray_cntr\/runs\/RUN_2022.12.12_09.32.31\/tmp\/cts\/11-iiitb_gray_cntr.resized.nl.v/} /openlane/designs/iiitb_gray_cntr/runs/RUN_2022.12.12_09.32.31/config.tcl"

Mon Dec 12 09:34:10 UTC 2022 - Executing "openroad -exit /openlane/scripts/openroad/resizer_routing_timing.tcl |& tee /dev/null /openlane/designs/iiitb_gray_cntr/runs/RUN_2022.12.12_09.32.31/logs/routing/12-resizer.log"

Mon Dec 12 09:34:11 UTC 2022 - Executing "sed -i -e {s/\(set ::env(CURRENT_NETLIST)\).*/\1 \/openlane\/designs\/iiitb_gray_cntr\/runs\/RUN_2022.12.12_09.32.31\/tmp\/12-iiitb_gray_cntr.nl.v/} /openlane/designs/iiitb_gray_cntr/runs/RUN_2022.12.12_09.32.31/config.tcl"

Mon Dec 12 09:34:11 UTC 2022 - Executing "openroad -exit /openlane/scripts/openroad/dpl.tcl |& tee /dev/null /openlane/designs/iiitb_gray_cntr/runs/RUN_2022.12.12_09.32.31/logs/routing/13-diode_legalization.log"

Mon Dec 12 09:34:12 UTC 2022 - Executing "sed -i -e {s/\(set ::env(CURRENT_NETLIST)\).*/\1 \/openlane\/designs\/iiitb_gray_cntr\/runs\/RUN_2022.12.12_09.32.31\/tmp\/routing\/diode.nl.v/} /openlane/designs/iiitb_gray_cntr/runs/RUN_2022.12.12_09.32.31/config.tcl"

Mon Dec 12 09:34:12 UTC 2022 - Executing "openroad -exit /openlane/scripts/openroad/groute.tcl |& tee /dev/null /openlane/designs/iiitb_gray_cntr/runs/RUN_2022.12.12_09.32.31/logs/routing/14-global.log"

Mon Dec 12 09:34:13 UTC 2022 - Executing "openroad -exit /openlane/scripts/openroad/write_views.tcl |& tee /dev/null /openlane/designs/iiitb_gray_cntr/runs/RUN_2022.12.12_09.32.31/logs/routing/14-global_write_netlist.log"

Mon Dec 12 09:34:14 UTC 2022 - Executing "sed -i -e {s/\(set ::env(CURRENT_NETLIST)\).*/\1 \/openlane\/designs\/iiitb_gray_cntr\/runs\/RUN_2022.12.12_09.32.31\/tmp\/routing\/global.nl.v/} /openlane/designs/iiitb_gray_cntr/runs/RUN_2022.12.12_09.32.31/config.tcl"

Mon Dec 12 09:34:15 UTC 2022 - Executing "openroad -exit /openlane/scripts/openroad/fill.tcl |& tee /dev/null /openlane/designs/iiitb_gray_cntr/runs/RUN_2022.12.12_09.32.31/logs/routing/16-fill.log"

Mon Dec 12 09:34:16 UTC 2022 - Executing "sed -i -e {s/\(set ::env(CURRENT_NETLIST)\).*/\1 \/openlane\/designs\/iiitb_gray_cntr\/runs\/RUN_2022.12.12_09.32.31\/tmp\/routing\/16-fill.nl.v/} /openlane/designs/iiitb_gray_cntr/runs/RUN_2022.12.12_09.32.31/config.tcl"

Mon Dec 12 09:34:16 UTC 2022 - Executing "openroad -exit /openlane/scripts/openroad/droute.tcl |& tee /dev/null /openlane/designs/iiitb_gray_cntr/runs/RUN_2022.12.12_09.32.31/logs/routing/17-detailed.log"

Mon Dec 12 09:34:20 UTC 2022 - Executing "sed -i -e {s/\(set ::env(CURRENT_NETLIST)\).*/\1 \/openlane\/designs\/iiitb_gray_cntr\/runs\/RUN_2022.12.12_09.32.31\/results\/routing\/iiitb_gray_cntr.nl.v/} /openlane/designs/iiitb_gray_cntr/runs/RUN_2022.12.12_09.32.31/config.tcl"

Mon Dec 12 09:34:20 UTC 2022 - Executing "python3 /openlane/scripts/drc_rosetta.py tr to_klayout -o /openlane/designs/iiitb_gray_cntr/runs/RUN_2022.12.12_09.32.31/reports/routing/drt.klayout.xml --design-name iiitb_gray_cntr /openlane/designs/iiitb_gray_cntr/runs/RUN_2022.12.12_09.32.31/reports/routing/drt.drc"

Mon Dec 12 09:34:21 UTC 2022 - Executing "openroad -exit -no_init -python /openlane/scripts/odbpy/wire_lengths.py --report-out /openlane/designs/iiitb_gray_cntr/runs/RUN_2022.12.12_09.32.31/reports/routing/18-wire_lengths.csv --input-lef /openlane/designs/iiitb_gray_cntr/runs/RUN_2022.12.12_09.32.31/tmp/merged.nom.lef --output-def /dev/null --output /openlane/designs/iiitb_gray_cntr/runs/RUN_2022.12.12_09.32.31/results/routing/iiitb_gray_cntr.odb /openlane/designs/iiitb_gray_cntr/runs/RUN_2022.12.12_09.32.31/results/routing/iiitb_gray_cntr.odb |& tee /dev/null /openlane/designs/iiitb_gray_cntr/runs/RUN_2022.12.12_09.32.31/logs/routing/18-wire_lengths.log"

Mon Dec 12 09:34:21 UTC 2022 - Executing "openroad -exit /openlane/scripts/openroad/rcx.tcl |& tee /dev/null /openlane/designs/iiitb_gray_cntr/runs/RUN_2022.12.12_09.32.31/logs/signoff/19-parasitics_extraction.min.log"

Mon Dec 12 09:34:23 UTC 2022 - Executing "openroad -exit /openlane/scripts/openroad/sta_multi_corner.tcl |& tee /dev/null /openlane/designs/iiitb_gray_cntr/runs/RUN_2022.12.12_09.32.31/logs/signoff/20-rcx_mcsta.min.log"

Mon Dec 12 09:34:25 UTC 2022 - Executing "openroad -exit /openlane/scripts/openroad/rcx.tcl |& tee /dev/null /openlane/designs/iiitb_gray_cntr/runs/RUN_2022.12.12_09.32.31/logs/signoff/21-parasitics_extraction.max.log"

Mon Dec 12 09:34:26 UTC 2022 - Executing "openroad -exit /openlane/scripts/openroad/sta_multi_corner.tcl |& tee /dev/null /openlane/designs/iiitb_gray_cntr/runs/RUN_2022.12.12_09.32.31/logs/signoff/22-rcx_mcsta.max.log"

Mon Dec 12 09:34:28 UTC 2022 - Executing "openroad -exit /openlane/scripts/openroad/rcx.tcl |& tee /dev/null /openlane/designs/iiitb_gray_cntr/runs/RUN_2022.12.12_09.32.31/logs/signoff/23-parasitics_extraction.nom.log"

Mon Dec 12 09:34:29 UTC 2022 - Executing "openroad -exit /openlane/scripts/openroad/sta_multi_corner.tcl |& tee /dev/null /openlane/designs/iiitb_gray_cntr/runs/RUN_2022.12.12_09.32.31/logs/signoff/24-rcx_mcsta.nom.log"

Mon Dec 12 09:34:31 UTC 2022 - Executing "openroad -exit /openlane/scripts/openroad/sta.tcl |& tee /dev/null /openlane/designs/iiitb_gray_cntr/runs/RUN_2022.12.12_09.32.31/logs/signoff/25-rcx_sta.log"

Mon Dec 12 09:34:32 UTC 2022 - Executing "openroad -exit /openlane/scripts/openroad/irdrop.tcl |& tee /dev/null /openlane/designs/iiitb_gray_cntr/runs/RUN_2022.12.12_09.32.31/logs/signoff/26-irdrop.log"

Mon Dec 12 09:34:33 UTC 2022 - Executing "magic -noconsole -dnull -rcfile /home/anvith/OpenLane/pdks/sky130A/libs.tech/magic/sky130A.magicrc < /openlane/scripts/magic/def/mag_gds.tcl |& tee /dev/null /openlane/designs/iiitb_gray_cntr/runs/RUN_2022.12.12_09.32.31/logs/signoff/27-gdsii.log"

Mon Dec 12 09:34:34 UTC 2022 - Executing "magic -noconsole -dnull -rcfile /home/anvith/OpenLane/pdks/sky130A/libs.tech/magic/sky130A.magicrc < /openlane/scripts/magic/gds/mag_with_pointers.tcl |& tee /dev/null /openlane/designs/iiitb_gray_cntr/runs/RUN_2022.12.12_09.32.31/logs/signoff/27-gds_ptrs.log"

Mon Dec 12 09:34:34 UTC 2022 - Executing "sed -i -n {/^<< properties >>/,/^<< end >>/p} /openlane/designs/iiitb_gray_cntr/runs/RUN_2022.12.12_09.32.31/tmp/signoff/gds_ptrs.mag"

Mon Dec 12 09:34:34 UTC 2022 - Executing "magic -noconsole -dnull -rcfile /home/anvith/OpenLane/pdks/sky130A/libs.tech/magic/sky130A.magicrc < /openlane/scripts/magic/mag/lef.tcl |& tee /dev/null /openlane/designs/iiitb_gray_cntr/runs/RUN_2022.12.12_09.32.31/logs/signoff/27-lef.log"

Mon Dec 12 09:34:35 UTC 2022 - Executing "magic -noconsole -dnull -rcfile /home/anvith/OpenLane/pdks/sky130A/libs.tech/magic/sky130A.magicrc < /openlane/scripts/magic/lef/maglef.tcl |& tee /dev/null /openlane/designs/iiitb_gray_cntr/runs/RUN_2022.12.12_09.32.31/logs/signoff/27-maglef.log"

Mon Dec 12 09:34:36 UTC 2022 - Executing "klayout -b -rm /openlane/scripts/klayout/def2gds.py -rd out_gds=/openlane/designs/iiitb_gray_cntr/runs/RUN_2022.12.12_09.32.31/results/signoff/iiitb_gray_cntr.klayout.gds -rd tech_file=/home/anvith/OpenLane/pdks/sky130A/libs.tech/klayout/tech/sky130A.lyt -rd design_name=iiitb_gray_cntr -rd in_def=/openlane/designs/iiitb_gray_cntr/runs/RUN_2022.12.12_09.32.31/results/routing/iiitb_gray_cntr.def -rd {in_gds=/home/anvith/OpenLane/pdks/sky130A/libs.ref/sky130_fd_sc_hd/gds/sky130_fd_sc_hd.gds } -rd config_file= -rd seal_gds= -rd lef_file=/openlane/designs/iiitb_gray_cntr/runs/RUN_2022.12.12_09.32.31/tmp/merged.nom.lef |& tee /dev/null /openlane/designs/iiitb_gray_cntr/runs/RUN_2022.12.12_09.32.31/logs/signoff/28-gdsii-klayout.log"

Mon Dec 12 09:34:37 UTC 2022 - Executing "bash /openlane/scripts/klayout/xor.sh /openlane/designs/iiitb_gray_cntr/runs/RUN_2022.12.12_09.32.31/results/signoff/iiitb_gray_cntr.gds /openlane/designs/iiitb_gray_cntr/runs/RUN_2022.12.12_09.32.31/results/signoff/iiitb_gray_cntr.klayout.gds iiitb_gray_cntr /openlane/designs/iiitb_gray_cntr/runs/RUN_2022.12.12_09.32.31/reports/signoff/iiitb_gray_cntr.xor.gds |& tee /dev/null /openlane/designs/iiitb_gray_cntr/runs/RUN_2022.12.12_09.32.31/logs/signoff/29-xor.log"

Mon Dec 12 09:34:39 UTC 2022 - Executing "python3 /openlane/scripts/parse_klayout_xor_log.py -l /openlane/designs/iiitb_gray_cntr/runs/RUN_2022.12.12_09.32.31/logs/signoff/29-xor.log -o /openlane/designs/iiitb_gray_cntr/runs/RUN_2022.12.12_09.32.31/reports/signoff/29-xor.rpt"

Mon Dec 12 09:34:39 UTC 2022 - Executing "bash /openlane/scripts/klayout/xor.sh /openlane/designs/iiitb_gray_cntr/runs/RUN_2022.12.12_09.32.31/results/signoff/iiitb_gray_cntr.gds /openlane/designs/iiitb_gray_cntr/runs/RUN_2022.12.12_09.32.31/results/signoff/iiitb_gray_cntr.klayout.gds iiitb_gray_cntr /openlane/designs/iiitb_gray_cntr/runs/RUN_2022.12.12_09.32.31/reports/signoff/iiitb_gray_cntr.xor.xml |& tee /dev/null /openlane/designs/iiitb_gray_cntr/runs/RUN_2022.12.12_09.32.31/logs/signoff/29-xor.log"

Mon Dec 12 09:34:40 UTC 2022 - Executing "python3 /openlane/scripts/parse_klayout_xor_log.py -l /openlane/designs/iiitb_gray_cntr/runs/RUN_2022.12.12_09.32.31/logs/signoff/29-xor.log -o /openlane/designs/iiitb_gray_cntr/runs/RUN_2022.12.12_09.32.31/reports/signoff/29-xor.rpt"

Mon Dec 12 09:34:41 UTC 2022 - Executing "magic -noconsole -dnull -rcfile /home/anvith/OpenLane/pdks/sky130A/libs.tech/magic/sky130A.magicrc < /openlane/scripts/magic/extract_spice.tcl |& tee /dev/null /openlane/designs/iiitb_gray_cntr/runs/RUN_2022.12.12_09.32.31/logs/signoff/30-spice.log"

Mon Dec 12 09:34:42 UTC 2022 - Executing "openroad -exit -no_init -python /openlane/scripts/odbpy/power_utils.py write_powered_def --output /openlane/designs/iiitb_gray_cntr/runs/RUN_2022.12.12_09.32.31/tmp/signoff/30-iiitb_gray_cntr.p.def --input-lef /openlane/designs/iiitb_gray_cntr/runs/RUN_2022.12.12_09.32.31/tmp/merged.nom.lef --power-port VPWR --ground-port VGND --powered-netlist {} /openlane/designs/iiitb_gray_cntr/runs/RUN_2022.12.12_09.32.31/results/routing/iiitb_gray_cntr.def |& tee /dev/null /openlane/designs/iiitb_gray_cntr/runs/RUN_2022.12.12_09.32.31/logs/signoff/31-write_powered_def.log"

Mon Dec 12 09:34:43 UTC 2022 - Executing "openroad -exit /openlane/scripts/openroad/write_views.tcl |& tee /dev/null /openlane/designs/iiitb_gray_cntr/runs/RUN_2022.12.12_09.32.31/logs/signoff/31-write_powered_verilog.log"

Mon Dec 12 09:34:43 UTC 2022 - Executing "sed -i -e {s/\(set ::env(CURRENT_NETLIST)\).*/\1 \/openlane\/designs\/iiitb_gray_cntr\/runs\/RUN_2022.12.12_09.32.31\/tmp\/signoff\/30-iiitb_gray_cntr.nl.v/} /openlane/designs/iiitb_gray_cntr/runs/RUN_2022.12.12_09.32.31/config.tcl"

Mon Dec 12 09:34:44 UTC 2022 - Executing "netgen -batch source /openlane/designs/iiitb_gray_cntr/runs/RUN_2022.12.12_09.32.31/tmp/signoff/33-setup_file.lef.lvs |& tee /dev/null /openlane/designs/iiitb_gray_cntr/runs/RUN_2022.12.12_09.32.31/logs/signoff/33-lvs.lef.log"

Mon Dec 12 09:34:45 UTC 2022 - Executing "magic -noconsole -dnull -rcfile /home/anvith/OpenLane/pdks/sky130A/libs.tech/magic/sky130A.magicrc < /openlane/scripts/magic/drc.tcl |& tee /dev/null /openlane/designs/iiitb_gray_cntr/runs/RUN_2022.12.12_09.32.31/logs/signoff/34-drc.log"

Mon Dec 12 09:34:46 UTC 2022 - Executing "python3 /openlane/scripts/drc_rosetta.py magic to_tcl -o /openlane/designs/iiitb_gray_cntr/runs/RUN_2022.12.12_09.32.31/reports/signoff/drc.tcl /openlane/designs/iiitb_gray_cntr/runs/RUN_2022.12.12_09.32.31/reports/signoff/drc.rpt"

Mon Dec 12 09:34:46 UTC 2022 - Executing "python3 /openlane/scripts/drc_rosetta.py magic to_tr -o /openlane/designs/iiitb_gray_cntr/runs/RUN_2022.12.12_09.32.31/reports/signoff/drc.tr /openlane/designs/iiitb_gray_cntr/runs/RUN_2022.12.12_09.32.31/reports/signoff/drc.rpt"

Mon Dec 12 09:34:46 UTC 2022 - Executing "python3 /openlane/scripts/drc_rosetta.py tr to_klayout -o /openlane/designs/iiitb_gray_cntr/runs/RUN_2022.12.12_09.32.31/reports/signoff/drc.klayout.xml --design-name iiitb_gray_cntr /openlane/designs/iiitb_gray_cntr/runs/RUN_2022.12.12_09.32.31/reports/signoff/drc.tr"

Mon Dec 12 09:34:46 UTC 2022 - Executing "python3 /openlane/scripts/drc_rosetta.py magic to_rdb -o /openlane/designs/iiitb_gray_cntr/runs/RUN_2022.12.12_09.32.31/reports/signoff/drc.rdb /openlane/designs/iiitb_gray_cntr/runs/RUN_2022.12.12_09.32.31/reports/signoff/drc.rpt"

Mon Dec 12 09:34:47 UTC 2022 - Executing "openroad -exit /openlane/scripts/openroad/antenna_check.tcl |& tee /dev/null /openlane/designs/iiitb_gray_cntr/runs/RUN_2022.12.12_09.32.31/logs/signoff/35-antenna.log"

Mon Dec 12 09:34:48 UTC 2022 - Executing "python3 /openlane/scripts/extract_antenna_violators.py --output /openlane/designs/iiitb_gray_cntr/runs/RUN_2022.12.12_09.32.31/reports/signoff/35-antenna_violators.rpt /openlane/designs/iiitb_gray_cntr/runs/RUN_2022.12.12_09.32.31/logs/signoff/35-antenna.log"

Mon Dec 12 09:34:48 UTC 2022 - Executing "awk -v vdd=VPWR -v gnd=VGND -f /home/anvith/OpenLane/pdks/sky130A/libs.tech/openlane/cvc/power.awk /openlane/designs/iiitb_gray_cntr/runs/RUN_2022.12.12_09.32.31/tmp/signoff/30-iiitb_gray_cntr.nl.v > /openlane/designs/iiitb_gray_cntr/runs/RUN_2022.12.12_09.32.31/tmp/signoff/iiitb_gray_cntr.power"

Mon Dec 12 09:34:48 UTC 2022 - Executing "awk -f /home/anvith/OpenLane/pdks/sky130A/libs.tech/openlane/cvc/cdl.awk /home/anvith/OpenLane/pdks/sky130A/libs.ref/sky130_fd_sc_hd/cdl/sky130_fd_sc_hd.cdl /openlane/designs/iiitb_gray_cntr/runs/RUN_2022.12.12_09.32.31/results/signoff/iiitb_gray_cntr.lef.spice > /openlane/designs/iiitb_gray_cntr/runs/RUN_2022.12.12_09.32.31/tmp/signoff/iiitb_gray_cntr.cdl"

Mon Dec 12 09:34:48 UTC 2022 - Executing "cvc_rv /home/anvith/OpenLane/pdks/sky130A/libs.tech/openlane/cvc/cvcrc |& tee /dev/null /openlane/designs/iiitb_gray_cntr/runs/RUN_2022.12.12_09.32.31/logs/signoff/36-erc_screen.log"

Mon Dec 12 09:34:49 UTC 2022 - Executing "python3 /openlane/scripts/generate_reports.py -d /openlane/designs/iiitb_gray_cntr --design_name iiitb_gray_cntr --tag RUN_2022.12.12_09.32.31 --output_file /openlane/designs/iiitb_gray_cntr/runs/RUN_2022.12.12_09.32.31/reports/metrics.csv --man_report /openlane/designs/iiitb_gray_cntr/runs/RUN_2022.12.12_09.32.31/reports/manufacturability.rpt --run_path /openlane/designs/iiitb_gray_cntr/runs/RUN_2022.12.12_09.32.31"

