OpenROAD 7c85c140308f01b73f57ea1117f3e43f39abd437 
This program is licensed under the BSD-3 license. See the LICENSE file for details.
Components of this program may be licensed under more restrictive licenses which must be honored.
[WARNING STA-0163] /openlane/designs/iiitb_gray_cntr/src/sky130_fd_sc_hd__slow.lib line 24, default_fanout_load is 0.0.
[WARNING STA-0163] /openlane/designs/iiitb_gray_cntr/src/sky130_fd_sc_hd__typical.lib line 23, default_fanout_load is 0.0.
[WARNING STA-0163] /openlane/designs/iiitb_gray_cntr/src/sky130_fd_sc_hd__fast.lib line 23, default_fanout_load is 0.0.
[WARNING STA-0357] virtual clock clkin can not be propagated.
min_report

===========================================================================
report_checks -path_delay min (Hold)
============================================================================

======================= Slowest Corner ===================================

No paths found.

======================= Typical Corner ===================================

No paths found.

======================= Fastest Corner ===================================

No paths found.
min_report_end
max_report

===========================================================================
report_checks -path_delay max (Setup)
============================================================================

======================= Slowest Corner ===================================

No paths found.

======================= Typical Corner ===================================

No paths found.

======================= Fastest Corner ===================================

No paths found.
max_report_end
check_report

===========================================================================
report_checks -unconstrained
============================================================================

======================= Slowest Corner ===================================

Startpoint: rst (input port clocked by clkin)
Endpoint: _36_ (rising edge-triggered flip-flop)
Path Group: (none)
Path Type: max
Corner: ss

Fanout     Cap    Slew   Delay    Time   Description
-----------------------------------------------------------------------------
                          2.00    2.00 v input external delay
                  0.02    0.01    2.01 v rst (in)
     1    0.00                           rst (net)
                  0.02    0.00    2.01 v input2/A (sky130_fd_sc_hd__clkbuf_2)
                  0.16    0.27    2.28 v input2/X (sky130_fd_sc_hd__clkbuf_2)
     7    0.02                           net2 (net)
                  0.16    0.00    2.28 v _23_/B1_N (sky130_fd_sc_hd__o21ba_1)
                  0.07    0.47    2.75 ^ _23_/X (sky130_fd_sc_hd__o21ba_1)
     1    0.00                           _11_ (net)
                  0.07    0.00    2.75 ^ _24_/B1_N (sky130_fd_sc_hd__a21boi_1)
                  0.16    0.25    3.00 ^ _24_/Y (sky130_fd_sc_hd__a21boi_1)
     1    0.00                           _02_ (net)
                  0.16    0.00    3.00 ^ _36_/D (sky130_fd_sc_hd__dfxtp_1)
                                  3.00   data arrival time
-----------------------------------------------------------------------------
(Path is unconstrained)



======================= Typical Corner ===================================

Startpoint: rst (input port clocked by clkin)
Endpoint: _36_ (rising edge-triggered flip-flop)
Path Group: (none)
Path Type: max
Corner: tt

Fanout     Cap    Slew   Delay    Time   Description
-----------------------------------------------------------------------------
                          2.00    2.00 v input external delay
                  0.01    0.00    2.00 v rst (in)
     1    0.00                           rst (net)
                  0.01    0.00    2.00 v input2/A (sky130_fd_sc_hd__clkbuf_2)
                  0.09    0.15    2.15 v input2/X (sky130_fd_sc_hd__clkbuf_2)
     7    0.02                           net2 (net)
                  0.09    0.00    2.15 v _23_/B1_N (sky130_fd_sc_hd__o21ba_1)
                  0.04    0.23    2.38 ^ _23_/X (sky130_fd_sc_hd__o21ba_1)
     1    0.00                           _11_ (net)
                  0.04    0.00    2.38 ^ _24_/B1_N (sky130_fd_sc_hd__a21boi_1)
                  0.10    0.14    2.52 ^ _24_/Y (sky130_fd_sc_hd__a21boi_1)
     1    0.00                           _02_ (net)
                  0.10    0.00    2.52 ^ _36_/D (sky130_fd_sc_hd__dfxtp_1)
                                  2.52   data arrival time
-----------------------------------------------------------------------------
(Path is unconstrained)



======================= Fastest Corner ===================================

Startpoint: rst (input port clocked by clkin)
Endpoint: _40_ (rising edge-triggered flip-flop)
Path Group: (none)
Path Type: max
Corner: ff

Fanout     Cap    Slew   Delay    Time   Description
-----------------------------------------------------------------------------
                          2.00    2.00 v input external delay
                  0.00    0.00    2.00 v rst (in)
     1    0.00                           rst (net)
                  0.00    0.00    2.00 v input2/A (sky130_fd_sc_hd__clkbuf_2)
                  0.06    0.10    2.10 v input2/X (sky130_fd_sc_hd__clkbuf_2)
     7    0.02                           net2 (net)
                  0.06    0.00    2.10 v _31_/A (sky130_fd_sc_hd__nor2_1)
                  0.07    0.09    2.19 ^ _31_/Y (sky130_fd_sc_hd__nor2_1)
     1    0.00                           _15_ (net)
                  0.07    0.00    2.19 ^ _32_/B (sky130_fd_sc_hd__and2_1)
                  0.04    0.09    2.28 ^ _32_/X (sky130_fd_sc_hd__and2_1)
     1    0.00                           _16_ (net)
                  0.04    0.00    2.28 ^ _33_/A (sky130_fd_sc_hd__clkbuf_1)
                  0.03    0.05    2.33 ^ _33_/X (sky130_fd_sc_hd__clkbuf_1)
     1    0.00                           _06_ (net)
                  0.03    0.00    2.33 ^ _40_/D (sky130_fd_sc_hd__dfxtp_1)
                                  2.33   data arrival time
-----------------------------------------------------------------------------
(Path is unconstrained)



===========================================================================
report_checks --slack_max -0.01
============================================================================

======================= Slowest Corner ===================================

No paths found.

======================= Typical Corner ===================================

No paths found.

======================= Fastest Corner ===================================

No paths found.
check_report_end
check_slew

===========================================================================
 report_check_types -max_slew -max_cap -max_fanout -violators
============================================================================

======================= Slowest Corner ===================================


======================= Typical Corner ===================================


======================= Fastest Corner ===================================


===========================================================================
max slew violation count 0
max fanout violation count 0
max cap violation count 0
============================================================================
check_slew_end
tns_report

===========================================================================
 report_tns
============================================================================
tns 0.00
tns_report_end
wns_report

===========================================================================
 report_wns
============================================================================
wns 0.00
wns_report_end
worst_slack

===========================================================================
 report_worst_slack -max (Setup)
============================================================================
worst slack INF

===========================================================================
 report_worst_slack -min (Hold)
============================================================================
worst slack INF
worst_slack_end
clock_skew

===========================================================================
 report_clock_skew
============================================================================

======================== Slowest Corner ==================================

Clock clkin
No launch/capture paths found.


======================= Typical Corner ===================================

Clock clkin
No launch/capture paths found.


======================= Fastest Corner ===================================

Clock clkin
No launch/capture paths found.

clock_skew_end
power_report

===========================================================================
 report_power
============================================================================


======================= Slowest Corner =================================

Group                  Internal  Switching    Leakage      Total
                          Power      Power      Power      Power (Watts)
----------------------------------------------------------------
Sequential             2.84e-06   1.69e-06   1.03e-07   4.63e-06  58.8%
Combinational          1.90e-06   1.21e-06   1.28e-07   3.24e-06  41.2%
Macro                  0.00e+00   0.00e+00   0.00e+00   0.00e+00   0.0%
Pad                    0.00e+00   0.00e+00   0.00e+00   0.00e+00   0.0%
----------------------------------------------------------------
Total                  4.74e-06   2.90e-06   2.31e-07   7.87e-06 100.0%
                          60.2%      36.9%       2.9%

======================= Typical Corner ===================================

Group                  Internal  Switching    Leakage      Total
                          Power      Power      Power      Power (Watts)
----------------------------------------------------------------
Sequential             3.54e-06   2.16e-06   5.91e-11   5.70e-06  59.5%
Combinational          2.31e-06   1.58e-06   2.88e-10   3.89e-06  40.5%
Macro                  0.00e+00   0.00e+00   0.00e+00   0.00e+00   0.0%
Pad                    0.00e+00   0.00e+00   0.00e+00   0.00e+00   0.0%
----------------------------------------------------------------
Total                  5.85e-06   3.74e-06   3.47e-10   9.59e-06 100.0%
                          61.0%      39.0%       0.0%


======================= Fastest Corner =================================

Group                  Internal  Switching    Leakage      Total
                          Power      Power      Power      Power (Watts)
----------------------------------------------------------------
Sequential             4.03e-06   2.57e-06   1.05e-10   6.61e-06  59.9%
Combinational          2.52e-06   1.90e-06   3.68e-10   4.42e-06  40.1%
Macro                  0.00e+00   0.00e+00   0.00e+00   0.00e+00   0.0%
Pad                    0.00e+00   0.00e+00   0.00e+00   0.00e+00   0.0%
----------------------------------------------------------------
Total                  6.55e-06   4.47e-06   4.73e-10   1.10e-05 100.0%
                          59.4%      40.6%       0.0%
power_report_end
area_report

===========================================================================
 report_design_area
============================================================================
Design area 315 u^2 24% utilization.
area_report_end
Setting global connections for newly added cells...
[WARNING] Did not save OpenROAD database!
Writing SDF files for all corners...
Writing SDF for the ff corner to /openlane/designs/iiitb_gray_cntr/runs/RUN_2022.12.12_09.32.31/results/routing/mca/process_corner_min/iiitb_gray_cntr.ff.sdf...
Writing SDF for the ss corner to /openlane/designs/iiitb_gray_cntr/runs/RUN_2022.12.12_09.32.31/results/routing/mca/process_corner_min/iiitb_gray_cntr.ss.sdf...
Writing SDF for the tt corner to /openlane/designs/iiitb_gray_cntr/runs/RUN_2022.12.12_09.32.31/results/routing/mca/process_corner_min/iiitb_gray_cntr.tt.sdf...
Writing timing models for all corners...
Writing timing models for the ff corner to /openlane/designs/iiitb_gray_cntr/runs/RUN_2022.12.12_09.32.31/results/routing/mca/process_corner_min/iiitb_gray_cntr.ff.lib...
Writing timing models for the ss corner to /openlane/designs/iiitb_gray_cntr/runs/RUN_2022.12.12_09.32.31/results/routing/mca/process_corner_min/iiitb_gray_cntr.ss.lib...
Writing timing models for the tt corner to /openlane/designs/iiitb_gray_cntr/runs/RUN_2022.12.12_09.32.31/results/routing/mca/process_corner_min/iiitb_gray_cntr.tt.lib...
