OpenROAD 7c85c140308f01b73f57ea1117f3e43f39abd437 
This program is licensed under the BSD-3 license. See the LICENSE file for details.
Components of this program may be licensed under more restrictive licenses which must be honored.
[INFO ODB-0222] Reading LEF file: /openlane/designs/iiitb_gray_cntr/runs/RUN_2022.12.12_09.32.31/tmp/merged.nom.lef
[WARNING ODB-0220] WARNING (LEFPARS-2036): SOURCE statement is obsolete in version 5.6 and later.
The LEF parser will ignore this statement.
To avoid this warning in the future, remove this statement from the LEF file with version 5.6 or later. See file /openlane/designs/iiitb_gray_cntr/runs/RUN_2022.12.12_09.32.31/tmp/merged.nom.lef at line 68342.

[INFO ODB-0223]     Created 13 technology layers
[INFO ODB-0224]     Created 25 technology vias
[INFO ODB-0225]     Created 441 library cells
[INFO ODB-0226] Finished LEF file:  /openlane/designs/iiitb_gray_cntr/runs/RUN_2022.12.12_09.32.31/tmp/merged.nom.lef
[INFO ODB-0127] Reading DEF file: /openlane/designs/iiitb_gray_cntr/runs/RUN_2022.12.12_09.32.31/results/routing/iiitb_gray_cntr.def
[INFO ODB-0128] Design: iiitb_gray_cntr
[INFO ODB-0130]     Created 12 pins.
[INFO ODB-0131]     Created 195 components and 853 component-terminals.
[INFO ODB-0132]     Created 2 special nets and 750 connections.
[INFO ODB-0133]     Created 37 nets and 103 connections.
[INFO ODB-0134] Finished DEF file: /openlane/designs/iiitb_gray_cntr/runs/RUN_2022.12.12_09.32.31/results/routing/iiitb_gray_cntr.def
[WARNING STA-0163] /openlane/designs/iiitb_gray_cntr/src/sky130_fd_sc_hd__typical.lib line 23, default_fanout_load is 0.0.
Using RCX ruleset '/home/anvith/OpenLane/pdks/sky130A/libs.tech/openlane/rules.openrcx.sky130A.nom.calibre'...
[INFO RCX-0431] Defined process_corner X with ext_model_index 0
[INFO RCX-0029] Defined extraction corner X
[INFO RCX-0008] extracting parasitics of iiitb_gray_cntr ...
[INFO RCX-0435] Reading extraction model file /home/anvith/OpenLane/pdks/sky130A/libs.tech/openlane/rules.openrcx.sky130A.nom.calibre ...
[INFO RCX-0436] RC segment generation iiitb_gray_cntr (max_merge_res 50.0) ...
[INFO RCX-0040] Final 115 rc segments
[INFO RCX-0439] Coupling Cap extraction iiitb_gray_cntr ...
[INFO RCX-0440] Coupling threshhold is 0.1000 fF, coupling capacitance less than 0.1000 fF will be grounded.
[INFO RCX-0043] 329 wires to be extracted
[INFO RCX-0442] 69% completion -- 230 wires have been extracted
[INFO RCX-0442] 100% completion -- 329 wires have been extracted
[INFO RCX-0045] Extract 37 nets, 152 rsegs, 152 caps, 110 ccs
[INFO RCX-0015] Finished extracting iiitb_gray_cntr.
Writing result to /openlane/designs/iiitb_gray_cntr/runs/RUN_2022.12.12_09.32.31/results/routing/mca/process_corner_nom/iiitb_gray_cntr.spef...
Setting global connections for newly added cells...
[WARNING] Did not save OpenROAD database!
Writing extracted parasitics to /openlane/designs/iiitb_gray_cntr/runs/RUN_2022.12.12_09.32.31/results/routing/mca/process_corner_nom/iiitb_gray_cntr.spef...
[INFO RCX-0016] Writing SPEF ...
[INFO RCX-0443] 37 nets finished
[INFO RCX-0017] Finished writing SPEF ...
