OpenROAD 7c85c140308f01b73f57ea1117f3e43f39abd437 
This program is licensed under the BSD-3 license. See the LICENSE file for details.
Components of this program may be licensed under more restrictive licenses which must be honored.
[INFO ODB-0222] Reading LEF file: /openlane/designs/iiitb_gray_cntr/runs/RUN_2022.12.12_09.32.31/tmp/merged.nom.lef
[WARNING ODB-0220] WARNING (LEFPARS-2036): SOURCE statement is obsolete in version 5.6 and later.
The LEF parser will ignore this statement.
To avoid this warning in the future, remove this statement from the LEF file with version 5.6 or later. See file /openlane/designs/iiitb_gray_cntr/runs/RUN_2022.12.12_09.32.31/tmp/merged.nom.lef at line 68342.

[INFO ODB-0223]     Created 13 technology layers
[INFO ODB-0224]     Created 25 technology vias
[INFO ODB-0225]     Created 441 library cells
[INFO ODB-0226] Finished LEF file:  /openlane/designs/iiitb_gray_cntr/runs/RUN_2022.12.12_09.32.31/tmp/merged.nom.lef
[INFO ODB-0127] Reading DEF file: /openlane/designs/iiitb_gray_cntr/runs/RUN_2022.12.12_09.32.31/results/routing/iiitb_gray_cntr.def
[INFO ODB-0128] Design: iiitb_gray_cntr
[INFO ODB-0130]     Created 12 pins.
[INFO ODB-0131]     Created 195 components and 853 component-terminals.
[INFO ODB-0132]     Created 2 special nets and 750 connections.
[INFO ODB-0133]     Created 37 nets and 103 connections.
[INFO ODB-0134] Finished DEF file: /openlane/designs/iiitb_gray_cntr/runs/RUN_2022.12.12_09.32.31/results/routing/iiitb_gray_cntr.def
[WARNING STA-0163] /openlane/designs/iiitb_gray_cntr/src/sky130_fd_sc_hd__typical.lib line 23, default_fanout_load is 0.0.
[INFO]: Setting RC values...
[INFO PSM-0002] Output voltage file is specified as: /openlane/designs/iiitb_gray_cntr/runs/RUN_2022.12.12_09.32.31/reports/signoff/26-irdrop.rpt.
[WARNING PSM-0016] Voltage pad location (VSRC) file not specified, defaulting pad location to checkerboard pattern on core area.
[WARNING PSM-0017] X direction bump pitch is not specified, defaulting to 140um.
[WARNING PSM-0018] Y direction bump pitch is not specified, defaulting to 140um.
[WARNING PSM-0019] Voltage on net VPWR is not explicitly set.
[WARNING PSM-0022] Using voltage 0.000V for VDD network.
[WARNING PSM-0063] Specified bump pitches of 140.000 and 140.000 are less than core width of 37.720 or core height of 35.360. Changing bump location to the center of the die at (24.380, 28.560).
[WARNING PSM-0065] VSRC location not specified, using default checkerboard pattern with one VDD every size bumps in x-direction and one in two bumps in the y-direction
[INFO PSM-0076] Setting metal node density to be standard cell height times 5.
[INFO PSM-0031] Number of PDN nodes on net VPWR = 286.
[INFO PSM-0064] Number of voltage sources = 1.
[INFO PSM-0040] All PDN stripes on net VPWR are connected.
########## IR report #################
Worstcase voltage: -1.28e-10 V
Average IR drop  : 7.53e-11 V
Worstcase IR drop: 1.28e-10 V
######################################
