OpenROAD 7c85c140308f01b73f57ea1117f3e43f39abd437 
This program is licensed under the BSD-3 license. See the LICENSE file for details.
Components of this program may be licensed under more restrictive licenses which must be honored.
[INFO ODB-0222] Reading LEF file: /openlane/designs/iiitb_gray_cntr/runs/RUN_2022.12.12_09.32.31/tmp/merged.nom.lef
[WARNING ODB-0220] WARNING (LEFPARS-2036): SOURCE statement is obsolete in version 5.6 and later.
The LEF parser will ignore this statement.
To avoid this warning in the future, remove this statement from the LEF file with version 5.6 or later. See file /openlane/designs/iiitb_gray_cntr/runs/RUN_2022.12.12_09.32.31/tmp/merged.nom.lef at line 68342.

[INFO ODB-0223]     Created 13 technology layers
[INFO ODB-0224]     Created 25 technology vias
[INFO ODB-0225]     Created 441 library cells
[INFO ODB-0226] Finished LEF file:  /openlane/designs/iiitb_gray_cntr/runs/RUN_2022.12.12_09.32.31/tmp/merged.nom.lef
[INFO ODB-0127] Reading DEF file: /openlane/designs/iiitb_gray_cntr/runs/RUN_2022.12.12_09.32.31/results/routing/iiitb_gray_cntr.def
[INFO ODB-0128] Design: iiitb_gray_cntr
[INFO ODB-0130]     Created 12 pins.
[INFO ODB-0131]     Created 195 components and 853 component-terminals.
[INFO ODB-0132]     Created 2 special nets and 750 connections.
[INFO ODB-0133]     Created 37 nets and 103 connections.
[INFO ODB-0134] Finished DEF file: /openlane/designs/iiitb_gray_cntr/runs/RUN_2022.12.12_09.32.31/results/routing/iiitb_gray_cntr.def
Top-level design name: iiitb_gray_cntr
Found default power net 'VPWR'
Found default ground net 'VGND'
Found 1 power ports.
Found 1 ground ports.
Modified power connections of 195/195 cells.
