Instance name,  X location,  Y location,  Voltage 
FILLER_12_63, 38.525, 46.24, -6.77125e-11
FILLER_10_68, 38.525, 40.8, -9.48418e-11
FILLER_11_69, 38.525, 40.8, -9.48418e-11
output3, 38.525, 40.8, -9.48418e-11
FILLER_9_75, 38.525, 35.36, -9.1925e-11
output7, 38.525, 35.36, -9.1925e-11
FILLER_7_74, 38.525, 29.92, -9.54681e-11
FILLER_8_75, 38.525, 29.92, -9.54681e-11
FILLER_5_75, 38.525, 24.48, -9.45556e-11
FILLER_3_69, 38.525, 19.04, -9.74637e-11
FILLER_4_72, 38.525, 19.04, -9.74637e-11
FILLER_0_69, 38.525, 13.6, -1.09452e-10
FILLER_1_69, 38.525, 13.6, -1.09452e-10
input2, 38.525, 13.6, -1.09452e-10
output6, 38.525, 13.6, -1.09452e-10
FILLER_11_45, 29.095, 40.8, -9.01691e-11
FILLER_11_53, 29.095, 40.8, -9.01691e-11
FILLER_12_53, 29.095, 40.8, -9.01691e-11
_31_, 29.095, 40.8, -9.01691e-11
output5, 29.095, 40.8, -9.01691e-11
FILLER_9_49, 29.095, 35.36, -9.54047e-11
_34_, 29.095, 35.36, -9.54047e-11
_37_, 29.095, 35.36, -9.54047e-11
FILLER_6_46, 29.095, 29.92, -1.01442e-10
FILLER_7_52, 29.095, 29.92, -1.01442e-10
_17_, 29.095, 29.92, -1.01442e-10
_25_, 29.095, 29.92, -1.01442e-10
_26_, 29.095, 29.92, -1.01442e-10
_27_, 29.095, 29.92, -1.01442e-10
FILLER_5_46, 29.095, 24.48, -1.01349e-10
_29_, 29.095, 24.48, -1.01349e-10
_38_, 29.095, 24.48, -1.01349e-10
FILLER_3_48, 29.095, 19.04, -9.48555e-11
FILLER_4_53, 29.095, 19.04, -9.48555e-11
_28_, 29.095, 19.04, -9.48555e-11
FILLER_0_47, 29.095, 13.6, -9.5901e-11
FILLER_1_51, 29.095, 13.6, -9.5901e-11
FILLER_12_21, 19.665, 46.24, -6.5839e-11
FILLER_10_29, 19.665, 40.8, -8.28891e-11
FILLER_10_37, 19.665, 35.36, -9.4246e-11
_33_, 19.665, 35.36, -9.4246e-11
_40_, 19.665, 35.36, -9.4246e-11
FILLER_6_29, 19.665, 29.92, -1.10805e-10
FILLER_7_27, 19.665, 29.92, -1.10805e-10
FILLER_7_38, 19.665, 29.92, -1.10805e-10
FILLER_8_39, 19.665, 29.92, -1.10805e-10
_18_, 19.665, 29.92, -1.10805e-10
_22_, 19.665, 29.92, -1.10805e-10
_23_, 19.665, 29.92, -1.10805e-10
FILLER_4_29, 19.665, 24.48, -1.14701e-10
FILLER_5_25, 19.665, 24.48, -1.14701e-10
FILLER_5_36, 19.665, 24.48, -1.14701e-10
FILLER_6_37, 19.665, 24.48, -1.14701e-10
_20_, 19.665, 24.48, -1.14701e-10
_21_, 19.665, 24.48, -1.14701e-10
_30_, 19.665, 24.48, -1.14701e-10
_32_, 19.665, 24.48, -1.14701e-10
_39_, 19.665, 19.04, -1.00293e-10
FILLER_0_21, 19.665, 13.6, -9.39385e-11
output8, 19.665, 13.6, -9.39385e-11
_24_, 10.235, 29.92, -1.01402e-10
FILLER_5_15, 10.235, 24.48, -1.10226e-10
FILLER_6_15, 10.235, 24.48, -1.10226e-10
_19_, 10.235, 24.48, -1.10226e-10
FILLER_3_15, 10.235, 19.04, -1.14593e-10
_35_, 10.235, 19.04, -1.14593e-10
PHY_24, 5.52, 46.24, -7.20681e-11
PHY_25, 43.24, 46.24, -7.16908e-11
PHY_20, 5.52, 40.8, -1.08467e-10
PHY_22, 5.52, 40.8, -1.08467e-10
output10, 5.52, 40.8, -1.08467e-10
output9, 5.52, 40.8, -1.08467e-10
PHY_21, 43.24, 40.8, -1.02798e-10
PHY_23, 43.24, 40.8, -1.02798e-10
PHY_16, 5.52, 35.36, -1.15278e-10
PHY_18, 5.52, 35.36, -1.15278e-10
_36_, 5.52, 35.36, -1.15278e-10
PHY_17, 43.24, 35.36, -9.98817e-11
PHY_19, 43.24, 35.36, -9.98817e-11
PHY_12, 5.52, 29.92, -1.10811e-10
PHY_14, 5.52, 29.92, -1.10811e-10
_41_, 5.52, 29.92, -1.10811e-10
PHY_13, 43.24, 29.92, -1.03425e-10
PHY_15, 43.24, 29.92, -1.03425e-10
PHY_10, 5.52, 24.48, -1.18182e-10
PHY_8, 5.52, 24.48, -1.18182e-10
PHY_11, 43.24, 24.48, -1.02512e-10
PHY_9, 43.24, 24.48, -1.02512e-10
PHY_4, 5.52, 19.04, -1.27654e-10
PHY_6, 5.52, 19.04, -1.27654e-10
input1, 5.52, 19.04, -1.27654e-10
PHY_5, 43.24, 19.04, -1.0542e-10
PHY_7, 43.24, 19.04, -1.0542e-10
PHY_0, 5.52, 13.6, -1.09519e-10
PHY_2, 5.52, 13.6, -1.09519e-10
output4, 5.52, 13.6, -1.09519e-10
PHY_1, 43.24, 13.6, -1.17409e-10
PHY_3, 43.24, 13.6, -1.17409e-10

